[  3974.189] 
X.Org X Server 1.21.1.3
X Protocol Version 11, Revision 0
[  3974.189] Current Operating System: Linux artix 5.16.10-artix1-1 #1 SMP PREEMPT Thu, 17 Feb 2022 11:05:36 +0000 x86_64
[  3974.189] Kernel command line: BOOT_IMAGE=/vmlinuz-linux root=UUID=615415dd-5931-4125-a7b0-4cd279b9893e rw loglevel=3 quiet
[  3974.189]  
[  3974.189] Current version of pixman: 0.40.0
[  3974.189] 	Before reporting problems, check http://wiki.x.org
	to make sure that you have the latest version.
[  3974.189] Markers: (--) probed, (**) from config file, (==) default setting,
	(++) from command line, (!!) notice, (II) informational,
	(WW) warning, (EE) error, (NI) not implemented, (??) unknown.
[  3974.190] (==) Log file: "/home/bspwn/.local/share/xorg/Xorg.1.log", Time: Sat Feb 26 13:18:48 2022
[  3974.191] (==) Using system config directory "/usr/share/X11/xorg.conf.d"
[  3974.192] (==) No Layout section.  Using the first Screen section.
[  3974.192] (==) No screen section available. Using defaults.
[  3974.192] (**) |-->Screen "Default Screen Section" (0)
[  3974.192] (**) |   |-->Monitor "<default monitor>"
[  3974.192] (==) No monitor specified for screen "Default Screen Section".
	Using a default monitor configuration.
[  3974.192] (==) Automatically adding devices
[  3974.192] (==) Automatically enabling devices
[  3974.192] (==) Automatically adding GPU devices
[  3974.192] (==) Automatically binding GPU devices
[  3974.192] (==) Max clients allowed: 256, resource mask: 0x1fffff
[  3974.192] (WW) The directory "/usr/share/fonts/misc" does not exist.
[  3974.192] 	Entry deleted from font path.
[  3974.192] (WW) The directory "/usr/share/fonts/TTF" does not exist.
[  3974.192] 	Entry deleted from font path.
[  3974.192] (WW) The directory "/usr/share/fonts/OTF" does not exist.
[  3974.192] 	Entry deleted from font path.
[  3974.192] (WW) The directory "/usr/share/fonts/Type1" does not exist.
[  3974.192] 	Entry deleted from font path.
[  3974.192] (==) FontPath set to:
	/usr/share/fonts/100dpi,
	/usr/share/fonts/75dpi
[  3974.192] (==) ModulePath set to "/usr/lib/xorg/modules"
[  3974.192] (II) The server relies on udev to provide the list of input devices.
	If no devices become available, reconfigure udev or disable AutoAddDevices.
[  3974.192] (II) Module ABI versions:
[  3974.192] 	X.Org ANSI C Emulation: 0.4
[  3974.192] 	X.Org Video Driver: 25.2
[  3974.192] 	X.Org XInput driver : 24.4
[  3974.192] 	X.Org Server Extension : 10.0
[  3974.193] (++) using VT number 1

[  3974.194] (II) systemd-logind: took control of session /org/freedesktop/login1/session/_31
[  3974.195] (II) xfree86: Adding drm device (/dev/dri/card0)
[  3974.195] (II) Platform probe for /sys/devices/pci0000:00/0000:00:0f.0/drm/card0
[  3974.195] (II) systemd-logind: got fd for /dev/dri/card0 226:0 fd 11 paused 0
[  3974.198] (--) PCI:*(0@0:15:0) 15ad:0405:15ad:0405 rev 0, Mem @ 0xe8000000/134217728, 0xfe000000/8388608, I/O @ 0x00001070/16, BIOS @ 0x????????/131072
[  3974.198] (WW) Open ACPI failed (/var/run/acpid.socket) (No such file or directory)
[  3974.198] (II) LoadModule: "glx"
[  3974.198] (II) Loading /usr/lib/xorg/modules/extensions/libglx.so
[  3974.201] (II) Module glx: vendor="X.Org Foundation"
[  3974.201] 	compiled for 1.21.1.3, module version = 1.0.0
[  3974.201] 	ABI class: X.Org Server Extension, version 10.0
[  3974.201] (==) Matched vmware as autoconfigured driver 0
[  3974.201] (==) Matched modesetting as autoconfigured driver 1
[  3974.201] (==) Matched fbdev as autoconfigured driver 2
[  3974.201] (==) Matched vesa as autoconfigured driver 3
[  3974.201] (==) Assigned the driver to the xf86ConfigLayout
[  3974.201] (II) LoadModule: "vmware"
[  3974.201] (II) Loading /usr/lib/xorg/modules/drivers/vmware_drv.so
[  3974.286] (II) Module vmware: vendor="X.Org Foundation"
[  3974.286] 	compiled for 1.21.1.1, module version = 13.3.0
[  3974.287] 	Module class: X.Org Video Driver
[  3974.287] 	ABI class: X.Org Video Driver, version 25.2
[  3974.287] (II) LoadModule: "modesetting"
[  3974.287] (II) Loading /usr/lib/xorg/modules/drivers/modesetting_drv.so
[  3974.287] (II) Module modesetting: vendor="X.Org Foundation"
[  3974.287] 	compiled for 1.21.1.3, module version = 1.21.1
[  3974.287] 	Module class: X.Org Video Driver
[  3974.287] 	ABI class: X.Org Video Driver, version 25.2
[  3974.287] (II) LoadModule: "fbdev"
[  3974.288] (II) Loading /usr/lib/xorg/modules/drivers/fbdev_drv.so
[  3974.288] (II) Module fbdev: vendor="X.Org Foundation"
[  3974.288] 	compiled for 1.21.1.1, module version = 0.5.0
[  3974.288] 	Module class: X.Org Video Driver
[  3974.288] 	ABI class: X.Org Video Driver, version 25.2
[  3974.288] (II) LoadModule: "vesa"
[  3974.288] (II) Loading /usr/lib/xorg/modules/drivers/vesa_drv.so
[  3974.288] (II) Module vesa: vendor="X.Org Foundation"
[  3974.288] 	compiled for 1.21.1.1, module version = 2.5.0
[  3974.288] 	Module class: X.Org Video Driver
[  3974.288] 	ABI class: X.Org Video Driver, version 25.2
[  3974.288] (II) vmware: driver for VMware SVGA: vmware0405, vmware0710
[  3974.288] (II) modesetting: Driver for Modesetting Kernel Drivers: kms
[  3974.288] (II) FBDEV: driver for framebuffer: fbdev
[  3974.288] (II) VESA: driver for VESA chipsets: vesa
[  3974.288] xf86EnableIO: failed to enable I/O ports 0000-03ff (Operation not permitted)
[  3974.288] (WW) Falling back to old probe method for modesetting
[  3974.288] (WW) Falling back to old probe method for fbdev
[  3974.288] (II) Loading sub module "fbdevhw"
[  3974.288] (II) LoadModule: "fbdevhw"
[  3974.288] (II) Loading /usr/lib/xorg/modules/libfbdevhw.so
[  3974.289] (II) Module fbdevhw: vendor="X.Org Foundation"
[  3974.289] 	compiled for 1.21.1.3, module version = 0.0.2
[  3974.289] 	ABI class: X.Org Video Driver, version 25.2
[  3974.289] (EE) open /dev/fb0: Permission denied
[  3974.289] (WW) VGA arbiter: cannot open kernel arbiter, no multi-card support
[  3974.289] (II) vmware(0): Creating default Display subsection in Screen section
	"Default Screen Section" for depth/fbbpp 24/32
[  3974.289] (--) vmware(0): DRM driver version is 2.19.0
[  3974.289] (==) vmware(0): Depth 24, (--) framebuffer bpp 32
[  3974.289] (==) vmware(0): RGB weight 888
[  3974.289] (==) vmware(0): Default visual is TrueColor
[  3974.289] (--) vmware(0): Min width 1, Max Width 8192.
[  3974.289] (--) vmware(0): Min height 1, Max Height 8192.
[  3974.289] (II) vmware(0): Output Virtual1 has no monitor section
[  3974.289] (II) vmware(0): Output Virtual2 has no monitor section
[  3974.289] (II) vmware(0): Output Virtual3 has no monitor section
[  3974.289] (II) vmware(0): Output Virtual4 has no monitor section
[  3974.289] (II) vmware(0): Output Virtual5 has no monitor section
[  3974.289] (II) vmware(0): Output Virtual6 has no monitor section
[  3974.289] (II) vmware(0): Output Virtual7 has no monitor section
[  3974.289] (II) vmware(0): Output Virtual8 has no monitor section
[  3974.289] (II) vmware(0): Printing probed modes for output Virtual1
[  3974.289] (II) vmware(0): Modeline "800x600"x60.0   42.75  800 850 900 950  600 650 700 750 -hsync +vsync (45.0 kHz eP)
[  3974.289] (II) vmware(0): Modeline "3840x2400"x60.0  592.25  3840 3888 3920 4000  2400 2403 2409 2469 +hsync -vsync (148.1 kHz e)
[  3974.289] (II) vmware(0): Modeline "3840x2160"x60.0  533.00  3840 3888 3920 4000  2160 2163 2168 2222 +hsync -vsync (133.2 kHz e)
[  3974.289] (II) vmware(0): Modeline "2880x1800"x59.9  337.50  2880 2928 2960 3040  1800 1803 1809 1852 +hsync -vsync (111.0 kHz e)
[  3974.289] (II) vmware(0): Modeline "2560x1600"x60.0  348.50  2560 2752 3032 3504  1600 1603 1609 1658 -hsync +vsync (99.5 kHz e)
[  3974.289] (II) vmware(0): Modeline "2560x1440"x60.0  241.50  2560 2608 2640 2720  1440 1443 1448 1481 +hsync -vsync (88.8 kHz e)
[  3974.289] (II) vmware(0): Modeline "1920x1440"x60.0  234.00  1920 2048 2256 2600  1440 1441 1444 1500 -hsync +vsync (90.0 kHz e)
[  3974.289] (II) vmware(0): Modeline "1856x1392"x60.0  218.25  1856 1952 2176 2528  1392 1393 1396 1439 -hsync +vsync (86.3 kHz e)
[  3974.289] (II) vmware(0): Modeline "1792x1344"x60.0  204.75  1792 1920 2120 2448  1344 1345 1348 1394 -hsync +vsync (83.6 kHz e)
[  3974.289] (II) vmware(0): Modeline "1920x1200"x59.9  193.25  1920 2056 2256 2592  1200 1203 1209 1245 -hsync +vsync (74.6 kHz e)
[  3974.289] (II) vmware(0): Modeline "1920x1080"x60.0  173.00  1920 2048 2248 2576  1080 1083 1088 1120 -hsync +vsync (67.2 kHz e)
[  3974.289] (II) vmware(0): Modeline "1600x1200"x60.0  162.00  1600 1664 1856 2160  1200 1201 1204 1250 +hsync +vsync (75.0 kHz e)
[  3974.289] (II) vmware(0): Modeline "1680x1050"x60.0  146.25  1680 1784 1960 2240  1050 1053 1059 1089 -hsync +vsync (65.3 kHz e)
[  3974.289] (II) vmware(0): Modeline "1400x1050"x60.0  121.75  1400 1488 1632 1864  1050 1053 1057 1089 -hsync +vsync (65.3 kHz e)
[  3974.289] (II) vmware(0): Modeline "1280x1024"x60.0  108.00  1280 1328 1440 1688  1024 1025 1028 1066 +hsync +vsync (64.0 kHz e)
[  3974.289] (II) vmware(0): Modeline "1440x900"x59.9  106.50  1440 1520 1672 1904  900 903 909 934 -hsync +vsync (55.9 kHz e)
[  3974.289] (II) vmware(0): Modeline "1280x960"x60.0  108.00  1280 1376 1488 1800  960 961 964 1000 +hsync +vsync (60.0 kHz e)
[  3974.289] (II) vmware(0): Modeline "1360x768"x60.0   85.50  1360 1424 1536 1792  768 771 777 795 +hsync +vsync (47.7 kHz e)
[  3974.289] (II) vmware(0): Modeline "1280x800"x59.8   83.50  1280 1352 1480 1680  800 803 809 831 +hsync -vsync (49.7 kHz e)
[  3974.289] (II) vmware(0): Modeline "1152x864"x75.0  108.00  1152 1216 1344 1600  864 865 868 900 +hsync +vsync (67.5 kHz e)
[  3974.289] (II) vmware(0): Modeline "1280x768"x59.9   79.50  1280 1344 1472 1664  768 771 778 798 -hsync +vsync (47.8 kHz e)
[  3974.289] (II) vmware(0): Modeline "1280x720"x59.9   74.50  1280 1344 1472 1664  720 723 728 748 -hsync +vsync (44.8 kHz e)
[  3974.289] (II) vmware(0): Modeline "1024x768"x60.0   65.00  1024 1048 1184 1344  768 771 777 806 -hsync -vsync (48.4 kHz e)
[  3974.289] (II) vmware(0): Modeline "800x600"x60.3   40.00  800 840 968 1056  600 601 605 628 +hsync +vsync (37.9 kHz e)
[  3974.289] (II) vmware(0): Modeline "640x480"x59.9   25.18  640 656 752 800  480 489 492 525 -hsync -vsync (31.5 kHz e)
[  3974.289] (II) vmware(0): EDID for output Virtual2
[  3974.289] (II) vmware(0): EDID for output Virtual3
[  3974.289] (II) vmware(0): EDID for output Virtual4
[  3974.289] (II) vmware(0): EDID for output Virtual5
[  3974.289] (II) vmware(0): EDID for output Virtual6
[  3974.289] (II) vmware(0): EDID for output Virtual7
[  3974.289] (II) vmware(0): EDID for output Virtual8
[  3974.289] (II) vmware(0): Output Virtual1 connected
[  3974.289] (II) vmware(0): Output Virtual2 disconnected
[  3974.289] (II) vmware(0): Output Virtual3 disconnected
[  3974.289] (II) vmware(0): Output Virtual4 disconnected
[  3974.289] (II) vmware(0): Output Virtual5 disconnected
[  3974.289] (II) vmware(0): Output Virtual6 disconnected
[  3974.289] (II) vmware(0): Output Virtual7 disconnected
[  3974.289] (II) vmware(0): Output Virtual8 disconnected
[  3974.289] (II) vmware(0): Using exact sizes for initial modes
[  3974.289] (II) vmware(0): Output Virtual1 using initial mode 800x600 +0+0
[  3974.289] (==) vmware(0): DPI set to (96, 96)
[  3974.289] (==) vmware(0): Using gamma correction (1.0, 1.0, 1.0)
[  3974.289] (II) Loading sub module "fb"
[  3974.289] (II) LoadModule: "fb"
[  3974.289] (II) Module "fb" already built-in
[  3974.289] (II) Loading sub module "dri2"
[  3974.289] (II) LoadModule: "dri2"
[  3974.289] (II) Module "dri2" already built-in
[  3974.289] (II) Loading sub module "dri3"
[  3974.289] (II) LoadModule: "dri3"
[  3974.289] (II) Module "dri3" already built-in
[  3974.289] (II) UnloadModule: "modesetting"
[  3974.289] (II) Unloading modesetting
[  3974.289] (II) UnloadModule: "fbdev"
[  3974.289] (II) Unloading fbdev
[  3974.289] (II) UnloadSubModule: "fbdevhw"
[  3974.289] (II) Unloading fbdevhw
[  3974.289] (II) UnloadModule: "vesa"
[  3974.289] (II) Unloading vesa
[  3974.290] (II) vmware(0): Initialized VMWARE_CTRL extension version 0.2
[  3974.292] (WW) vmware(0): Failed to initialize Gallium3D Xa. No render acceleration available.
[  3974.292] (WW) vmware(0): Skipped initialization of direct rendering due to lack of render acceleration.
[  3974.292] (--) vmware(0): Render acceleration is disabled.
[  3974.292] (==) vmware(0): Rendercheck mode is disabled.
[  3974.292] (--) vmware(0): Direct rendering (DRI2 3D) is disabled.
[  3974.292] (--) vmware(0): Direct rendering (DRI3 3D) is disabled.
[  3974.292] (==) vmware(0): Backing store enabled
[  3974.292] (==) vmware(0): Silken mouse enabled
[  3974.293] (==) vmware(0): DPMS enabled
[  3974.293] (II) vmware(0): No 3D acceleration. Not setting up textured video.
[  3974.293] (II) Initializing extension Generic Event Extension
[  3974.293] (II) Initializing extension SHAPE
[  3974.293] (II) Initializing extension MIT-SHM
[  3974.293] (II) Initializing extension XInputExtension
[  3974.293] (II) Initializing extension XTEST
[  3974.293] (II) Initializing extension BIG-REQUESTS
[  3974.293] (II) Initializing extension SYNC
[  3974.294] (II) Initializing extension XKEYBOARD
[  3974.294] (II) Initializing extension XC-MISC
[  3974.294] (II) Initializing extension SECURITY
[  3974.294] (II) Initializing extension XFIXES
[  3974.294] (II) Initializing extension RENDER
[  3974.294] (II) Initializing extension RANDR
[  3974.294] (II) Initializing extension COMPOSITE
[  3974.294] (II) Initializing extension DAMAGE
[  3974.294] (II) Initializing extension MIT-SCREEN-SAVER
[  3974.294] (II) Initializing extension DOUBLE-BUFFER
[  3974.294] (II) Initializing extension RECORD
[  3974.294] (II) Initializing extension DPMS
[  3974.294] (II) Initializing extension Present
[  3974.294] (II) Initializing extension DRI3
[  3974.294] (II) Initializing extension X-Resource
[  3974.294] (II) Initializing extension XVideo
[  3974.294] (II) Initializing extension XVideo-MotionCompensation
[  3974.294] (II) Initializing extension GLX
[  3974.295] (II) AIGLX: Screen 0 is not DRI2 capable
[  3974.319] (II) IGLX: Loaded and initialized swrast
[  3974.319] (II) GLX: Initialized DRISWRAST GL provider for screen 0
[  3974.319] (II) Initializing extension XFree86-VidModeExtension
[  3974.319] (II) Initializing extension XFree86-DGA
[  3974.319] (II) Initializing extension XFree86-DRI
[  3974.319] (II) Initializing extension DRI2
[  3974.320] (II) vmware(0): Setting screen physical size to 211 x 158
[  3974.365] (II) config/udev: Adding input device Power Button (/dev/input/event0)
[  3974.365] (**) Power Button: Applying InputClass "evdev keyboard catchall"
[  3974.365] (**) Power Button: Applying InputClass "libinput keyboard catchall"
[  3974.365] (II) LoadModule: "libinput"
[  3974.365] (II) Loading /usr/lib/xorg/modules/input/libinput_drv.so
[  3974.367] (II) Module libinput: vendor="X.Org Foundation"
[  3974.367] 	compiled for 1.21.1.3, module version = 1.2.1
[  3974.367] 	Module class: X.Org XInput Driver
[  3974.367] 	ABI class: X.Org XInput driver, version 24.4
[  3974.367] (II) Using input driver 'libinput' for 'Power Button'
[  3974.368] (II) systemd-logind: got fd for /dev/input/event0 13:64 fd 19 paused 0
[  3974.368] (**) Power Button: always reports core events
[  3974.368] (**) Option "Device" "/dev/input/event0"
[  3974.373] (II) event0  - Power Button: is tagged by udev as: Keyboard
[  3974.374] (II) event0  - Power Button: device is a keyboard
[  3974.374] (II) event0  - Power Button: device removed
[  3974.374] (**) Option "config_info" "udev:/sys/devices/LNXSYSTM:00/LNXPWRBN:00/input/input0/event0"
[  3974.374] (II) XINPUT: Adding extended input device "Power Button" (type: KEYBOARD, id 6)
[  3974.374] (II) event0  - Power Button: is tagged by udev as: Keyboard
[  3974.374] (II) event0  - Power Button: device is a keyboard
[  3974.375] (II) config/udev: Adding input device VMware VMware Virtual USB Mouse (/dev/input/event2)
[  3974.375] (**) VMware VMware Virtual USB Mouse: Applying InputClass "evdev pointer catchall"
[  3974.375] (**) VMware VMware Virtual USB Mouse: Applying InputClass "libinput pointer catchall"
[  3974.375] (II) Using input driver 'libinput' for 'VMware VMware Virtual USB Mouse'
[  3974.431] (II) systemd-logind: got fd for /dev/input/event2 13:66 fd 22 paused 0
[  3974.431] (**) VMware VMware Virtual USB Mouse: always reports core events
[  3974.431] (**) Option "Device" "/dev/input/event2"
[  3974.432] (II) event2  - VMware VMware Virtual USB Mouse: is tagged by udev as: Mouse
[  3974.432] (II) event2  - VMware VMware Virtual USB Mouse: device is a pointer
[  3974.432] (II) event2  - VMware VMware Virtual USB Mouse: device removed
[  3974.432] (**) Option "config_info" "udev:/sys/devices/pci0000:00/0000:00:11.0/0000:02:00.0/usb2/2-1/2-1:1.0/0003:0E0F:0003.0001/input/input3/event2"
[  3974.432] (II) XINPUT: Adding extended input device "VMware VMware Virtual USB Mouse" (type: MOUSE, id 7)
[  3974.432] (**) Option "AccelerationScheme" "none"
[  3974.432] (**) VMware VMware Virtual USB Mouse: (accel) selected scheme none/0
[  3974.432] (**) VMware VMware Virtual USB Mouse: (accel) acceleration factor: 2.000
[  3974.432] (**) VMware VMware Virtual USB Mouse: (accel) acceleration threshold: 4
[  3974.433] (II) event2  - VMware VMware Virtual USB Mouse: is tagged by udev as: Mouse
[  3974.433] (II) event2  - VMware VMware Virtual USB Mouse: device is a pointer
[  3974.434] (II) config/udev: Adding input device VMware VMware Virtual USB Mouse (/dev/input/mouse0)
[  3974.434] (II) No input driver specified, ignoring this device.
[  3974.434] (II) This device may have been added with another device file.
[  3974.434] (II) config/udev: Adding input device AT Translated Set 2 keyboard (/dev/input/event1)
[  3974.434] (**) AT Translated Set 2 keyboard: Applying InputClass "evdev keyboard catchall"
[  3974.434] (**) AT Translated Set 2 keyboard: Applying InputClass "libinput keyboard catchall"
[  3974.434] (II) Using input driver 'libinput' for 'AT Translated Set 2 keyboard'
[  3974.434] (II) systemd-logind: got fd for /dev/input/event1 13:65 fd 23 paused 0
[  3974.434] (**) AT Translated Set 2 keyboard: always reports core events
[  3974.434] (**) Option "Device" "/dev/input/event1"
[  3974.434] (II) event1  - AT Translated Set 2 keyboard: is tagged by udev as: Keyboard
[  3974.435] (II) event1  - AT Translated Set 2 keyboard: device is a keyboard
[  3974.435] (II) event1  - AT Translated Set 2 keyboard: device removed
[  3974.435] (**) Option "config_info" "udev:/sys/devices/platform/i8042/serio0/input/input1/event1"
[  3974.435] (II) XINPUT: Adding extended input device "AT Translated Set 2 keyboard" (type: KEYBOARD, id 8)
[  3974.435] (II) event1  - AT Translated Set 2 keyboard: is tagged by udev as: Keyboard
[  3974.435] (II) event1  - AT Translated Set 2 keyboard: device is a keyboard
[  3974.436] (II) config/udev: Adding input device VirtualPS/2 VMware VMMouse (/dev/input/event5)
[  3974.436] (**) VirtualPS/2 VMware VMMouse: Applying InputClass "evdev pointer catchall"
[  3974.436] (**) VirtualPS/2 VMware VMMouse: Applying InputClass "libinput pointer catchall"
[  3974.436] (II) Using input driver 'libinput' for 'VirtualPS/2 VMware VMMouse'
[  3974.436] (II) systemd-logind: got fd for /dev/input/event5 13:69 fd 24 paused 0
[  3974.436] (**) VirtualPS/2 VMware VMMouse: always reports core events
[  3974.436] (**) Option "Device" "/dev/input/event5"
[  3974.437] (II) event5  - VirtualPS/2 VMware VMMouse: is tagged by udev as: Mouse
[  3974.437] (II) event5  - VirtualPS/2 VMware VMMouse: device is a pointer
[  3974.437] (II) event5  - VirtualPS/2 VMware VMMouse: device removed
[  3974.437] (**) Option "config_info" "udev:/sys/devices/platform/i8042/serio1/input/input5/event5"
[  3974.437] (II) XINPUT: Adding extended input device "VirtualPS/2 VMware VMMouse" (type: MOUSE, id 9)
[  3974.437] (**) Option "AccelerationScheme" "none"
[  3974.437] (**) VirtualPS/2 VMware VMMouse: (accel) selected scheme none/0
[  3974.437] (**) VirtualPS/2 VMware VMMouse: (accel) acceleration factor: 2.000
[  3974.437] (**) VirtualPS/2 VMware VMMouse: (accel) acceleration threshold: 4
[  3974.437] (II) event5  - VirtualPS/2 VMware VMMouse: is tagged by udev as: Mouse
[  3974.437] (II) event5  - VirtualPS/2 VMware VMMouse: device is a pointer
[  3974.438] (II) config/udev: Adding input device VirtualPS/2 VMware VMMouse (/dev/input/mouse2)
[  3974.438] (II) No input driver specified, ignoring this device.
[  3974.438] (II) This device may have been added with another device file.
[  3974.438] (II) config/udev: Adding input device VirtualPS/2 VMware VMMouse (/dev/input/event4)
[  3974.438] (**) VirtualPS/2 VMware VMMouse: Applying InputClass "evdev pointer catchall"
[  3974.438] (**) VirtualPS/2 VMware VMMouse: Applying InputClass "libinput pointer catchall"
[  3974.438] (II) Using input driver 'libinput' for 'VirtualPS/2 VMware VMMouse'
[  3974.438] (II) systemd-logind: got fd for /dev/input/event4 13:68 fd 25 paused 0
[  3974.438] (**) VirtualPS/2 VMware VMMouse: always reports core events
[  3974.438] (**) Option "Device" "/dev/input/event4"
[  3974.438] (II) event4  - VirtualPS/2 VMware VMMouse: is tagged by udev as: Mouse
[  3974.439] (II) event4  - VirtualPS/2 VMware VMMouse: device is a pointer
[  3974.439] (II) event4  - VirtualPS/2 VMware VMMouse: device removed
[  3974.439] (**) Option "config_info" "udev:/sys/devices/platform/i8042/serio1/input/input6/event4"
[  3974.439] (II) XINPUT: Adding extended input device "VirtualPS/2 VMware VMMouse" (type: MOUSE, id 10)
[  3974.439] (**) Option "AccelerationScheme" "none"
[  3974.439] (**) VirtualPS/2 VMware VMMouse: (accel) selected scheme none/0
[  3974.439] (**) VirtualPS/2 VMware VMMouse: (accel) acceleration factor: 2.000
[  3974.439] (**) VirtualPS/2 VMware VMMouse: (accel) acceleration threshold: 4
[  3974.439] (II) event4  - VirtualPS/2 VMware VMMouse: is tagged by udev as: Mouse
[  3974.439] (II) event4  - VirtualPS/2 VMware VMMouse: device is a pointer
[  3974.440] (II) config/udev: Adding input device VirtualPS/2 VMware VMMouse (/dev/input/mouse1)
[  3974.440] (II) No input driver specified, ignoring this device.
[  3974.440] (II) This device may have been added with another device file.
[  3974.440] (II) config/udev: Adding input device PC Speaker (/dev/input/event3)
[  3974.440] (II) No input driver specified, ignoring this device.
[  3974.440] (II) This device may have been added with another device file.
[  3974.478] (EE) No surface to present from.
